TN:
SF:src\features\burgerConstructorSlice.ts
FN:23,(anonymous_2)
FN:30,(anonymous_3)
FN:35,(anonymous_4)
FN:38,(anonymous_5)
FN:41,(anonymous_6)
FN:52,(anonymous_7)
FN:63,(anonymous_8)
FN:68,(anonymous_9)
FNF:8
FNH:5
FNDA:5,(anonymous_2)
FNDA:5,(anonymous_3)
FNDA:1,(anonymous_4)
FNDA:1,(anonymous_5)
FNDA:0,(anonymous_6)
FNDA:0,(anonymous_7)
FNDA:1,(anonymous_8)
FNDA:0,(anonymous_9)
DA:1,1
DA:11,1
DA:18,1
DA:24,5
DA:25,3
DA:27,2
DA:31,5
DA:32,5
DA:36,1
DA:38,1
DA:42,0
DA:46,0
DA:53,0
DA:57,0
DA:64,1
DA:68,0
DA:72,1
DA:75,1
DA:82,1
LF:19
LH:14
BRDA:24,0,0,3
BRDA:24,0,1,2
BRF:2
BRH:2
end_of_record
TN:
SF:src\features\ingredientsSlice.ts
FN:7,(anonymous_13)
FN:30,(anonymous_16)
FN:31,(anonymous_17)
FN:33,(anonymous_18)
FN:34,(anonymous_19)
FN:37,(anonymous_20)
FN:40,(anonymous_21)
FNF:7
FNH:6
FNDA:0,(anonymous_13)
FNDA:1,(anonymous_16)
FNDA:1,(anonymous_17)
FNDA:1,(anonymous_18)
FNDA:1,(anonymous_19)
FNDA:1,(anonymous_20)
FNDA:1,(anonymous_21)
DA:1,1
DA:3,1
DA:5,1
DA:7,0
DA:8,0
DA:9,0
DA:19,1
DA:25,1
DA:30,1
DA:31,1
DA:34,1
DA:35,1
DA:37,1
DA:38,1
DA:40,1
DA:41,1
DA:42,1
DA:47,1
DA:50,1
DA:52,1
LF:20
LH:17
BRDA:8,0,0,0
BRF:1
BRH:0
end_of_record
TN:
SF:src\utils\burger-api.ts
FN:7,(anonymous_13)
FN:7,(anonymous_14)
FN:45,(anonymous_16)
FN:55,(anonymous_17)
FN:55,(anonymous_18)
FN:64,(anonymous_20)
FN:71,(anonymous_21)
FN:73,(anonymous_22)
FN:111,(anonymous_24)
FN:123,(anonymous_27)
FN:135,(anonymous_30)
FN:161,(anonymous_33)
FN:161,(anonymous_34)
FN:189,(anonymous_36)
FN:189,(anonymous_37)
FN:216,(anonymous_39)
FN:216,(anonymous_40)
FN:241,(anonymous_42)
FN:241,(anonymous_43)
FN:263,(anonymous_45)
FN:263,(anonymous_46)
FN:281,(anonymous_48)
FN:284,(anonymous_49)
FN:304,(anonymous_51)
FN:322,(anonymous_54)
FN:322,(anonymous_55)
FN:342,(anonymous_57)
FNF:27
FNH:0
FNDA:0,(anonymous_13)
FNDA:0,(anonymous_14)
FNDA:0,(anonymous_16)
FNDA:0,(anonymous_17)
FNDA:0,(anonymous_18)
FNDA:0,(anonymous_20)
FNDA:0,(anonymous_21)
FNDA:0,(anonymous_22)
FNDA:0,(anonymous_24)
FNDA:0,(anonymous_27)
FNDA:0,(anonymous_30)
FNDA:0,(anonymous_33)
FNDA:0,(anonymous_34)
FNDA:0,(anonymous_36)
FNDA:0,(anonymous_37)
FNDA:0,(anonymous_39)
FNDA:0,(anonymous_40)
FNDA:0,(anonymous_42)
FNDA:0,(anonymous_43)
FNDA:0,(anonymous_45)
FNDA:0,(anonymous_46)
FNDA:0,(anonymous_48)
FNDA:0,(anonymous_49)
FNDA:0,(anonymous_51)
FNDA:0,(anonymous_54)
FNDA:0,(anonymous_55)
FNDA:0,(anonymous_57)
DA:1,1
DA:5,1
DA:7,1
DA:8,0
DA:10,0
DA:11,0
DA:14,0
DA:15,0
DA:16,0
DA:20,0
DA:21,0
DA:23,0
DA:24,0
DA:27,0
DA:28,0
DA:29,0
DA:30,0
DA:33,0
DA:45,1
DA:46,0
DA:55,0
DA:56,0
DA:57,0
DA:58,0
DA:60,0
DA:61,0
DA:62,0
DA:65,0
DA:66,0
DA:67,0
DA:68,0
DA:71,1
DA:73,0
DA:76,0
DA:77,0
DA:79,0
DA:80,0
DA:82,0
DA:83,0
DA:84,0
DA:87,0
DA:88,0
DA:90,0
DA:93,0
DA:111,1
DA:113,0
DA:114,0
DA:115,0
DA:116,0
DA:118,0
DA:119,0
DA:123,1
DA:125,0
DA:126,0
DA:127,0
DA:128,0
DA:130,0
DA:131,0
DA:135,1
DA:137,0
DA:138,0
DA:139,0
DA:141,0
DA:148,0
DA:149,0
DA:151,0
DA:152,0
DA:161,1
DA:163,0
DA:164,0
DA:165,0
DA:167,0
DA:177,0
DA:178,0
DA:180,0
DA:181,0
DA:189,1
DA:191,0
DA:197,0
DA:199,0
DA:200,0
DA:216,1
DA:218,0
DA:225,0
DA:226,0
DA:227,0
DA:229,0
DA:231,0
DA:232,0
DA:241,1
DA:243,0
DA:251,0
DA:253,0
DA:254,0
DA:256,0
DA:258,0
DA:259,0
DA:263,1
DA:265,0
DA:272,0
DA:273,0
DA:274,0
DA:276,0
DA:277,0
DA:281,1
DA:284,0
DA:286,0
DA:293,0
DA:294,0
DA:295,0
DA:297,0
DA:298,0
DA:304,1
DA:306,0
DA:307,0
DA:308,0
DA:310,0
DA:317,0
DA:318,0
DA:322,1
DA:324,0
DA:325,0
DA:326,0
DA:328,0
DA:337,0
DA:338,0
DA:342,1
DA:344,0
DA:345,0
DA:354,0
DA:355,0
DA:356,0
DA:357,0
DA:358,0
DA:360,0
DA:362,0
DA:363,0
LF:137
LH:17
BRDA:5,0,0,1
BRDA:5,0,1,1
BRDA:8,1,0,0
BRDA:10,2,0,0
BRDA:10,3,0,0
BRDA:10,3,1,0
BRDA:14,4,0,0
BRDA:14,5,0,0
BRDA:14,5,1,0
BRDA:27,6,0,0
BRDA:29,7,0,0
BRDA:29,7,1,0
BRDA:29,8,0,0
BRDA:29,8,1,0
BRDA:29,9,0,0
BRDA:29,9,1,0
BRDA:56,10,0,0
BRDA:57,11,0,0
BRDA:77,12,0,0
BRDA:77,12,1,0
BRDA:77,12,2,0
BRDA:80,13,0,0
BRDA:80,14,0,0
BRDA:80,14,1,0
BRDA:83,15,0,0
BRDA:115,16,0,0
BRDA:115,17,0,0
BRDA:115,17,1,0
BRDA:115,18,0,0
BRDA:115,18,1,0
BRDA:127,19,0,0
BRDA:127,20,0,0
BRDA:127,20,1,0
BRDA:127,21,0,0
BRDA:127,21,1,0
BRDA:138,22,0,0
BRDA:148,23,0,0
BRDA:148,24,0,0
BRDA:148,24,1,0
BRDA:148,25,0,0
BRDA:148,25,1,0
BRDA:164,26,0,0
BRDA:177,27,0,0
BRDA:177,28,0,0
BRDA:177,28,1,0
BRDA:177,29,0,0
BRDA:177,29,1,0
BRDA:197,30,0,0
BRDA:226,31,0,0
BRDA:226,32,0,0
BRDA:226,32,1,0
BRDA:226,33,0,0
BRDA:226,33,1,0
BRDA:253,34,0,0
BRDA:253,35,0,0
BRDA:253,35,1,0
BRDA:253,36,0,0
BRDA:253,36,1,0
BRDA:273,37,0,0
BRDA:273,38,0,0
BRDA:273,38,1,0
BRDA:273,39,0,0
BRDA:273,39,1,0
BRDA:294,40,0,0
BRDA:294,41,0,0
BRDA:294,41,1,0
BRDA:294,42,0,0
BRDA:294,42,1,0
BRDA:310,43,0,0
BRDA:307,44,0,0
BRDA:328,45,0,0
BRDA:325,46,0,0
BRDA:355,47,0,0
BRDA:355,48,0,0
BRDA:355,48,1,0
BRDA:355,49,0,0
BRDA:355,49,1,0
BRF:77
BRH:2
end_of_record
TN:
SF:src\utils\cookie.ts
FN:1,getCookie
FN:13,setCookie
FN:45,deleteCookie
FNF:3
FNH:0
FNDA:0,getCookie
FNDA:0,setCookie
FNDA:0,deleteCookie
DA:1,1
DA:2,0
DA:10,0
DA:13,1
DA:16,0
DA:18,0
DA:23,0
DA:24,0
DA:25,0
DA:26,0
DA:27,0
DA:30,0
DA:31,0
DA:33,0
DA:34,0
DA:35,0
DA:36,0
DA:37,0
DA:38,0
DA:39,0
DA:42,0
DA:45,1
DA:46,0
LF:23
LH:3
BRDA:10,0,0,0
BRDA:10,0,1,0
BRDA:16,1,0,0
BRDA:24,2,0,0
BRDA:24,3,0,0
BRDA:24,3,1,0
BRDA:30,4,0,0
BRDA:30,5,0,0
BRDA:30,5,1,0
BRDA:38,6,0,0
BRF:10
BRH:0
end_of_record
